<?xml version="1.0" encoding="UTF-8"?>
<testng-results ignored="0" total="2" passed="2" failed="0" skipped="0">
  <reporter-output>
  </reporter-output>
  <suite started-at="2024-06-20T21:39:52 IST" name="Default suite" finished-at="2024-06-20T21:39:52 IST" duration-ms="68">
    <groups>
    </groups>
    <test started-at="2024-06-20T21:39:52 IST" name="Default test" finished-at="2024-06-20T21:39:52 IST" duration-ms="68">
      <class name="testNG.Class_001">
        <test-method is-config="true" signature="t()[pri:0, instance:testNG.Class_001@3c77d488]" started-at="2024-06-20T21:39:52 IST" name="t" finished-at="2024-06-20T21:39:52 IST" duration-ms="10" status="PASS">
          <reporter-output>
          </reporter-output>
        </test-method> <!-- t -->
        <test-method signature="d()[pri:0, instance:testNG.Class_001@3c77d488]" started-at="2024-06-20T21:39:52 IST" name="d" finished-at="2024-06-20T21:39:52 IST" duration-ms="8" status="PASS">
          <reporter-output>
          </reporter-output>
        </test-method> <!-- d -->
        <test-method signature="f()[pri:0, instance:testNG.Class_001@3c77d488]" started-at="2024-06-20T21:39:52 IST" name="f" finished-at="2024-06-20T21:39:52 IST" duration-ms="4" status="PASS">
          <reporter-output>
          </reporter-output>
        </test-method> <!-- f -->
      </class> <!-- testNG.Class_001 -->
    </test> <!-- Default test -->
  </suite> <!-- Default suite -->
</testng-results>
